сен 16, 2021 10:02:22 PM java.util.logging.LogManager$RootLogger log
SEVERE: Java
сен 16, 2021 10:02:22 PM java.util.logging.LogManager$RootLogger log
INFO: C#
сен 16, 2021 10:02:22 PM java.util.logging.LogManager$RootLogger log
CONFIG: Python
сен 16, 2021 10:02:22 PM java.util.logging.LogManager$RootLogger log
FINE: JS
сен 16, 2021 10:03:39 PM java.util.logging.LogManager$RootLogger log
SEVERE: Java
сен 16, 2021 10:03:40 PM java.util.logging.LogManager$RootLogger log
INFO: C#
сен 16, 2021 10:03:40 PM java.util.logging.LogManager$RootLogger log
CONFIG: Python
сен 16, 2021 10:03:40 PM java.util.logging.LogManager$RootLogger log
FINE: JS
сен 16, 2021 10:03:43 PM java.util.logging.LogManager$RootLogger log
SEVERE: Java
сен 16, 2021 10:03:43 PM java.util.logging.LogManager$RootLogger log
INFO: C#
сен 16, 2021 10:03:43 PM java.util.logging.LogManager$RootLogger log
CONFIG: Python
сен 16, 2021 10:03:43 PM java.util.logging.LogManager$RootLogger log
FINE: JS
сен 16, 2021 10:03:47 PM java.util.logging.LogManager$RootLogger log
SEVERE: Java
сен 16, 2021 10:03:48 PM java.util.logging.LogManager$RootLogger log
INFO: C#
сен 16, 2021 10:03:48 PM java.util.logging.LogManager$RootLogger log
CONFIG: Python
сен 16, 2021 10:03:48 PM java.util.logging.LogManager$RootLogger log
FINE: JS
